# sql queries
# titel -> [titel_of_query]
# EOSQL -> end of sql

[add_new_word]
INSERT INTO ge.all_words_objects (word, meaning, genus) VALUES(?, ?, ?);
EOSQL

[check_word]
SELECT awo.woid FROM ge.all_words_objects awo WHERE awo.word = ? AND awo.genus = ? LIMIT 1;
EOSQL

[check_adjectives_old]
SELECT a.oid FROM ge.adjectives a WHERE a.word = ? LIMIT 1;
EOSQL

[check_adjectives]
SELECT a.oid FROM ge.adjective_graduation a WHERE a.equal_degree_ge = ? LIMIT 1;
EOSQL

[check_verbs_conjugation]
SELECT v.oid FROM ge.verbs_conjugation v WHERE v.woid = ? AND v.tens = ? ;
EOSQL

[add_new_verbs_conjugation]
INSERT INTO ge.verbs_conjugation(modus, tens, ich, ja, du, ty, er_sie_es, on_ona_ono, wir, my,
 ihr, wy, sie_sie, oni_panstwo, woid)
 VALUES(?,?,?,?,?,?,?,?,?,?,?,?,?,?,?);
EOSQL

[add_verbs_imperative]
INSERT INTO FROM ge.verbs_conjugation (woid, modus, tens, present_infinitive, czas_terazniejszy_bezokolicznik,
 infinitive_perfect, czas_dokonany_bezokolicznik, participle_i, imieslow_i, participle_ii, imieslow_ii)
 VALUES(?,?,?,?,?,?,?,?,?,?,?) ;
EOSQL

[check_verbs_impersonal]
SELECT v.oid from ge.verbs_conjugation v WHERE v.wir = ? AND v.modus = ? AND v.tens = ? AND v.woid = ? ;
EOSQL

[check_verbs_imperative_and_impersonal]
SELECT v.oid from ge.verbs_conjugation v WHERE v.modus = ? AND v.wir = ? AND  v.tens = ? ;
EOSQL

[add_new_sentence]
INSERT INTO ge.sentences (sentence, meaning, type) VALUES(?, ?, ?);
EOSQL

[check_sentence]
SELECT s.oid FROM ge.sentences s WHERE s.sentence = ? AND s.type = ? ;
EOSQL

[check_sentence_mode]
SELECT s.oid FROM ge.sentences s WHERE s.sentence = ? AND s.mode = ? ;
EOSQL

[add_sentence_with_mode]
INSERT INTO ge.sentences (sentence, meaning, category, tens, word) VALUES(?, ?, ?, ?, ?);
EOSQL

[get_all_words_by_genus]
SELECT * FROM ge.all_words_objects awo WHERE awo.genus = ? LIMIT ? ;
EOSQL

[get_word_from_main_table_by_woid]
SELECT awo.word, awo.meaning, awo.genus FROM ge.all_words_objects awo WHERE awo.woid = ? ;
EOSQL

[get_word_from_main_table_by_word]
SELECT awo.woid, awo.meaning, awo.genus FROM ge.all_words_objects awo WHERE awo.word = ? ;
EOSQL

[get_limit_nouns]
SELECT awo.* FROM ge.nouns limit ? ;
EOSQL

[get_noun_by_word]
SELECT n.* FROM ge.nouns n WHERE n.word = ? LIMIT 1;
EOSQL

[check_word_in_table_nouns]
SELECT n.oid FROM ge.nouns n WHERE n.word = ? LIMIT 1;
EOSQL

[get_all_nouns]
SELECT * from ge.nouns;
EOSQL

[add_rules]
INSERT INTO ge.rules(titles, contents, refers_to_1) VALUES(?, ?, ?);
EOSQL

[get_all_words]
SELECT * from ge.all_words_objects;
EOSQL

[add_adjective_graduation]
INSERT INTO ge.adjective_graduation(equal_degree_ge,equal_degree_pl,comparative_ge,comparative_pl,
highest_degree_ge,highest_degree_pl,woid)
 VALUES(?,?,?,?,?,?,(SELECT a.woid FROM ge.all_words_objects a
 WHERE a.word = ? LIMIT 1));
EOSQL
